2026-03-18 22:05:26,773 | INFO | Telegram non configurato: skip invio.
2026-03-18 22:05:27,775 | INFO | Blogger non configurato: skip publish.
2026-03-18 22:05:27,791 | INFO | [main 6e752751e] Elite update 35307
 10 files changed, 521 insertions(+), 11 deletions(-)
 create mode 100755 KEYGAP_ADVANTAGE.py
 create mode 100644 Report_Finanziari/Report_Mondiale_18_03_2026_22_05.html
 create mode 100644 __pycache__/KEYGAP_ADVANTAGE.cpython-312.pyc
 create mode 100644 keygap_runtime.log
2026-03-18 22:05:27,982 | INFO | Telegram non configurato: skip invio.
2026-03-18 22:05:28,964 | INFO | To https://github.com/giampierodeluca676-lgtm/giampierodeluca676-lgtm.github.io.git
   87dccac28..6e752751e  main -> main
2026-03-18 22:05:28,965 | INFO | Update 35307 pubblicato
2026-03-18 22:05:29,149 | INFO | Blogger non configurato: skip publish.
2026-03-18 22:05:29,163 | INFO | [main be0e68546] Elite update 16302
 5 files changed, 16 insertions(+), 5 deletions(-)
2026-03-18 22:05:29,763 | INFO | Telegram non configurato: skip invio.
2026-03-18 22:05:30,096 | INFO | To https://github.com/giampierodeluca676-lgtm/giampierodeluca676-lgtm.github.io.git
   6e752751e..be0e68546  main -> main
2026-03-18 22:05:30,097 | INFO | Update 16302 pubblicato
2026-03-18 22:05:30,937 | INFO | Blogger non configurato: skip publish.
2026-03-18 22:05:30,956 | INFO | [main bde93ac47] Elite update 35366
 5 files changed, 12 insertions(+), 5 deletions(-)
2026-03-18 22:05:31,970 | INFO | To https://github.com/giampierodeluca676-lgtm/giampierodeluca676-lgtm.github.io.git
   be0e68546..bde93ac47  main -> main
2026-03-18 22:05:31,971 | INFO | Update 35366 pubblicato
2026-03-18 22:07:53,887 | INFO | Telegram inviato
2026-03-18 22:07:54,867 | INFO | Blogger non configurato: skip publish.
