[main 11065f04b] 🚀 Keygap System Update 11:50:16
 3 files changed, 32 insertions(+), 2 deletions(-)
 create mode 100644 nohup.out
To https://github.com/giampierodeluca676-lgtm/giampierodeluca676-lgtm.github.io.git
   9a320a706..11065f04b  main -> main
[main a2653fa2a] 🚀 Keygap System Update 11:55:18
 2 files changed, 35 insertions(+), 2 deletions(-)
To https://github.com/giampierodeluca676-lgtm/giampierodeluca676-lgtm.github.io.git
   28578c27f..a2653fa2a  main -> main
[main 9724a2d19] 🚀 Keygap System Update 12:00:20
 2 files changed, 32 insertions(+), 2 deletions(-)
To https://github.com/giampierodeluca676-lgtm/giampierodeluca676-lgtm.github.io.git
   e10781188..9724a2d19  main -> main
[main ea489e41e] 🚀 Keygap System Update 12:05:21
 2 files changed, 32 insertions(+), 2 deletions(-)
To https://github.com/giampierodeluca676-lgtm/giampierodeluca676-lgtm.github.io.git
   a90d60636..ea489e41e  main -> main
[main 054713123] 🚀 Keygap System Update 12:10:23
 2 files changed, 32 insertions(+), 2 deletions(-)
To https://github.com/giampierodeluca676-lgtm/giampierodeluca676-lgtm.github.io.git
   c4608baef..054713123  main -> main
[main bc57fd25b] 🚀 Keygap System Update 12:15:25
 2 files changed, 32 insertions(+), 2 deletions(-)
To https://github.com/giampierodeluca676-lgtm/giampierodeluca676-lgtm.github.io.git
   abdead8d4..bc57fd25b  main -> main
[main 208f6be7e] 🚀 Keygap System Update 12:20:27
 2 files changed, 32 insertions(+), 2 deletions(-)
To https://github.com/giampierodeluca676-lgtm/giampierodeluca676-lgtm.github.io.git
   4d9a4d3c2..208f6be7e  main -> main
[main 950967db1] 🚀 Keygap System Update 12:25:29
 2 files changed, 32 insertions(+), 2 deletions(-)
To https://github.com/giampierodeluca676-lgtm/giampierodeluca676-lgtm.github.io.git
   d2729c1f2..950967db1  main -> main
[main 6eb257b0e] 🚀 Keygap System Update 12:30:31
 2 files changed, 32 insertions(+), 2 deletions(-)
To https://github.com/giampierodeluca676-lgtm/giampierodeluca676-lgtm.github.io.git
   2f710efc1..6eb257b0e  main -> main
[main 538139c42] 🚀 Keygap System Update 12:35:33
 2 files changed, 32 insertions(+), 2 deletions(-)
To https://github.com/giampierodeluca676-lgtm/giampierodeluca676-lgtm.github.io.git
   5098af0ab..538139c42  main -> main
[main 84a4dfc7f] 🚀 Keygap System Update 12:40:35
 2 files changed, 32 insertions(+), 2 deletions(-)
To https://github.com/giampierodeluca676-lgtm/giampierodeluca676-lgtm.github.io.git
   2736d305f..84a4dfc7f  main -> main
[main 00e73f24b] 🚀 Keygap System Update 12:45:37
 2 files changed, 32 insertions(+), 2 deletions(-)
To https://github.com/giampierodeluca676-lgtm/giampierodeluca676-lgtm.github.io.git
   6c16c75f5..00e73f24b  main -> main
[main 6c04d0e60] 🚀 Keygap System Update 12:50:39
 2 files changed, 32 insertions(+), 2 deletions(-)
fatal: unable to access 'https://github.com/giampierodeluca676-lgtm/giampierodeluca676-lgtm.github.io.git/': Could not resolve host: github.com
[main f5a75952a] 🚀 Keygap System Update 12:55:40
 2 files changed, 32 insertions(+), 2 deletions(-)
To https://github.com/giampierodeluca676-lgtm/giampierodeluca676-lgtm.github.io.git
   e210757b4..f5a75952a  main -> main
[main 4fd11f199] 🚀 Keygap System Update 13:00:42
 2 files changed, 12 insertions(+), 2 deletions(-)
To https://github.com/giampierodeluca676-lgtm/giampierodeluca676-lgtm.github.io.git
   6e9ffa046..4fd11f199  main -> main
[main 7cccc26aa] 🚀 Keygap System Update 13:05:48
 2 files changed, 32 insertions(+), 2 deletions(-)
To https://github.com/giampierodeluca676-lgtm/giampierodeluca676-lgtm.github.io.git
   7c6b68594..7cccc26aa  main -> main
[main cecf1d22e] 🚀 Keygap System Update 13:10:50
 2 files changed, 32 insertions(+), 2 deletions(-)
To https://github.com/giampierodeluca676-lgtm/giampierodeluca676-lgtm.github.io.git
   e148adc05..cecf1d22e  main -> main
[main c816a066a] 🚀 Keygap System Update 13:15:52
 2 files changed, 32 insertions(+), 2 deletions(-)
To https://github.com/giampierodeluca676-lgtm/giampierodeluca676-lgtm.github.io.git
   d532cd1e3..c816a066a  main -> main
[main fc30025e6] 🚀 Keygap System Update 13:20:54
 2 files changed, 32 insertions(+), 2 deletions(-)
To https://github.com/giampierodeluca676-lgtm/giampierodeluca676-lgtm.github.io.git
   7d108de30..fc30025e6  main -> main
